<?xml version="1.0" encoding="UTF-8"?>
<!-- Generated by org.testng.reporters.JUnitReportReporter -->
<testsuite hostname="DESKTOP-LIM22NC" failures="0" tests="1" name="gittest.Googletest" time="6.815" errors="0" timestamp="2023-12-23T10:16:17 IST" skipped="0">
  <testcase classname="gittest.Googletest" name="chrome" time="6.815"/>
</testsuite> <!-- gittest.Googletest -->
