<?xml version="1.0" encoding="UTF-8"?>
<!-- Generated by org.testng.reporters.JUnitReportReporter -->
<testsuite hostname="DESKTOP-LIM22NC" failures="0" tests="1" name="gittest.Bingtest" time="12.019" errors="0" timestamp="2023-12-23T10:53:13 IST" skipped="0">
  <testcase classname="gittest.Bingtest" name="bingtest" time="12.019"/>
</testsuite> <!-- gittest.Bingtest -->
