<?xml version="1.0" encoding="UTF-8"?>
<!-- Generated by org.testng.reporters.JUnitReportReporter -->
<testsuite hostname="DESKTOP-LIM22NC" failures="0" tests="1" name="Bingtest.Bingtest" time="10.941" errors="0" timestamp="2023-12-23T10:46:55 IST" skipped="0">
  <testcase classname="Bingtest.Bingtest" name="bingtest" time="10.941"/>
</testsuite> <!-- Bingtest.Bingtest -->
