<?xml version="1.0" encoding="UTF-8"?>
<!-- Generated by org.testng.reporters.JUnitReportReporter -->
<testsuite hostname="DESKTOP-LIM22NC" failures="0" tests="1" name="gittest.Googletest" time="8.754" errors="0" timestamp="2023-12-10T09:58:32 IST" skipped="0">
  <testcase classname="gittest.Googletest" name="chrome" time="8.754"/>
</testsuite> <!-- gittest.Googletest -->
